<?xml version="1.0" encoding="UTF-8"?>
<testsuite name="tests.soapTests.SOAPTests" time="0.0" tests="1" errors="0" skipped="0" failures="0">
    <testcase name="SOAPTests.soapTest" classname="tests.soapTests.SOAPTests" time="0.0"/>
</testsuite>