<?xml version="1.0" encoding="UTF-8"?>
<testsuite xmlns:xsi="http://www.w3.org/2001/XMLSchema-instance" xsi:noNamespaceSchemaLocation="https://maven.apache.org/surefire/maven-surefire-plugin/xsd/surefire-test-report.xsd" name="TestSuite" time="4.378" tests="2" errors="0" skipped="0" failures="0">
  <properties>
    <property name="java.specification.version" value="17"/>
    <property name="sun.jnu.encoding" value="UTF-8"/>
    <property name="java.class.path" value="/Users/anastasiyashafalovich/Desktop/homework5/target/test-classes:/Users/anastasiyashafalovich/Desktop/homework5/target/classes:/Users/anastasiyashafalovich/.m2/repository/com/consol/citrus/citrus-core/3.2.1/citrus-core-3.2.1.jar:/Users/anastasiyashafalovich/.m2/repository/com/consol/citrus/citrus-spring/3.2.1/citrus-spring-3.2.1.jar:/Users/anastasiyashafalovich/.m2/repository/xerces/xercesImpl/2.12.2/xercesImpl-2.12.2.jar:/Users/anastasiyashafalovich/.m2/repository/xml-apis/xml-apis/1.4.01/xml-apis-1.4.01.jar:/Users/anastasiyashafalovich/.m2/repository/com/consol/citrus/citrus-validation-xml/3.2.1/citrus-validation-xml-3.2.1.jar:/Users/anastasiyashafalovich/.m2/repository/org/glassfish/jaxb/jaxb-core/2.3.0.1/jaxb-core-2.3.0.1.jar:/Users/anastasiyashafalovich/.m2/repository/org/glassfish/jaxb/txw2/2.3.0.1/txw2-2.3.0.1.jar:/Users/anastasiyashafalovich/.m2/repository/com/sun/istack/istack-commons-runtime/3.0.5/istack-commons-runtime-3.0.5.jar:/Users/anastasiyashafalovich/.m2/repository/org/glassfish/jaxb/jaxb-runtime/2.3.5/jaxb-runtime-2.3.5.jar:/Users/anastasiyashafalovich/.m2/repository/xalan/xalan/2.7.2/xalan-2.7.2.jar:/Users/anastasiyashafalovich/.m2/repository/xalan/serializer/2.7.2/serializer-2.7.2.jar:/Users/anastasiyashafalovich/.m2/repository/wsdl4j/wsdl4j/1.6.3/wsdl4j-1.6.3.jar:/Users/anastasiyashafalovich/.m2/repository/net/sf/jtidy/jtidy/r938/jtidy-r938.jar:/Users/anastasiyashafalovich/.m2/repository/com/consol/citrus/citrus-validation-json/3.2.1/citrus-validation-json-3.2.1.jar:/Users/anastasiyashafalovich/.m2/repository/com/fasterxml/jackson/core/jackson-core/2.12.6/jackson-core-2.12.6.jar:/Users/anastasiyashafalovich/.m2/repository/com/fasterxml/jackson/core/jackson-databind/2.12.6.1/jackson-databind-2.12.6.1.jar:/Users/anastasiyashafalovich/.m2/repository/com/fasterxml/jackson/core/jackson-annotations/2.12.6/jackson-annotations-2.12.6.jar:/Users/anastasiyashafalovich/.m2/repository/net/minidev/json-smart/2.4.7/json-smart-2.4.7.jar:/Users/anastasiyashafalovich/.m2/repository/net/minidev/accessors-smart/2.4.7/accessors-smart-2.4.7.jar:/Users/anastasiyashafalovich/.m2/repository/org/ow2/asm/asm/9.1/asm-9.1.jar:/Users/anastasiyashafalovich/.m2/repository/com/jayway/jsonpath/json-path/2.5.0/json-path-2.5.0.jar:/Users/anastasiyashafalovich/.m2/repository/com/github/java-json-tools/json-schema-validator/2.2.14/json-schema-validator-2.2.14.jar:/Users/anastasiyashafalovich/.m2/repository/com/github/java-json-tools/jackson-coreutils-equivalence/1.0/jackson-coreutils-equivalence-1.0.jar:/Users/anastasiyashafalovich/.m2/repository/com/github/java-json-tools/jackson-coreutils/2.0/jackson-coreutils-2.0.jar:/Users/anastasiyashafalovich/.m2/repository/com/github/java-json-tools/msg-simple/1.2/msg-simple-1.2.jar:/Users/anastasiyashafalovich/.m2/repository/com/github/java-json-tools/btf/1.3/btf-1.3.jar:/Users/anastasiyashafalovich/.m2/repository/com/github/java-json-tools/json-schema-core/1.2.14/json-schema-core-1.2.14.jar:/Users/anastasiyashafalovich/.m2/repository/com/github/java-json-tools/uri-template/0.10/uri-template-0.10.jar:/Users/anastasiyashafalovich/.m2/repository/org/mozilla/rhino/1.7.7.2/rhino-1.7.7.2.jar:/Users/anastasiyashafalovich/.m2/repository/com/sun/mail/mailapi/1.6.2/mailapi-1.6.2.jar:/Users/anastasiyashafalovich/.m2/repository/joda-time/joda-time/2.10.5/joda-time-2.10.5.jar:/Users/anastasiyashafalovich/.m2/repository/com/googlecode/libphonenumber/libphonenumber/8.11.1/libphonenumber-8.11.1.jar:/Users/anastasiyashafalovich/.m2/repository/com/google/code/findbugs/jsr305/3.0.2/jsr305-3.0.2.jar:/Users/anastasiyashafalovich/.m2/repository/net/sf/jopt-simple/jopt-simple/5.0.4/jopt-simple-5.0.4.jar:/Users/anastasiyashafalovich/.m2/repository/com/google/guava/guava/30.1.1-jre/guava-30.1.1-jre.jar:/Users/anastasiyashafalovich/.m2/repository/com/google/guava/failureaccess/1.0.1/failureaccess-1.0.1.jar:/Users/anastasiyashafalovich/.m2/repository/com/google/guava/listenablefuture/9999.0-empty-to-avoid-conflict-with-guava/listenablefuture-9999.0-empty-to-avoid-conflict-with-guava.jar:/Users/anastasiyashafalovich/.m2/repository/org/checkerframework/checker-qual/3.8.0/checker-qual-3.8.0.jar:/Users/anastasiyashafalovich/.m2/repository/com/google/errorprone/error_prone_annotations/2.5.1/error_prone_annotations-2.5.1.jar:/Users/anastasiyashafalovich/.m2/repository/com/google/j2objc/j2objc-annotations/1.3/j2objc-annotations-1.3.jar:/Users/anastasiyashafalovich/.m2/repository/com/consol/citrus/citrus-validation-text/3.2.1/citrus-validation-text-3.2.1.jar:/Users/anastasiyashafalovich/.m2/repository/com/consol/citrus/citrus-validation-binary/3.2.1/citrus-validation-binary-3.2.1.jar:/Users/anastasiyashafalovich/.m2/repository/com/consol/citrus/citrus-validation-groovy/3.2.1/citrus-validation-groovy-3.2.1.jar:/Users/anastasiyashafalovich/.m2/repository/org/codehaus/groovy/groovy/3.0.9/groovy-3.0.9.jar:/Users/anastasiyashafalovich/.m2/repository/org/codehaus/groovy/groovy-jsr223/3.0.9/groovy-jsr223-3.0.9.jar:/Users/anastasiyashafalovich/.m2/repository/org/codehaus/groovy/groovy-json/3.0.9/groovy-json-3.0.9.jar:/Users/anastasiyashafalovich/.m2/repository/org/codehaus/groovy/groovy-xml/3.0.9/groovy-xml-3.0.9.jar:/Users/anastasiyashafalovich/.m2/repository/com/consol/citrus/citrus-validation-hamcrest/3.2.1/citrus-validation-hamcrest-3.2.1.jar:/Users/anastasiyashafalovich/.m2/repository/org/hamcrest/hamcrest/2.2/hamcrest-2.2.jar:/Users/anastasiyashafalovich/.m2/repository/org/hamcrest/hamcrest-library/2.2/hamcrest-library-2.2.jar:/Users/anastasiyashafalovich/.m2/repository/org/hamcrest/hamcrest-core/2.2/hamcrest-core-2.2.jar:/Users/anastasiyashafalovich/.m2/repository/com/consol/citrus/citrus-junit/3.2.1/citrus-junit-3.2.1.jar:/Users/anastasiyashafalovich/.m2/repository/com/consol/citrus/citrus-junit5/3.2.1/citrus-junit5-3.2.1.jar:/Users/anastasiyashafalovich/.m2/repository/com/consol/citrus/citrus-main/3.2.1/citrus-main-3.2.1.jar:/Users/anastasiyashafalovich/.m2/repository/com/consol/citrus/citrus-cucumber/3.2.1/citrus-cucumber-3.2.1.jar:/Users/anastasiyashafalovich/.m2/repository/io/cucumber/cucumber-java/6.11.0/cucumber-java-6.11.0.jar:/Users/anastasiyashafalovich/.m2/repository/io/cucumber/cucumber-core/6.11.0/cucumber-core-6.11.0.jar:/Users/anastasiyashafalovich/.m2/repository/io/cucumber/cucumber-gherkin/6.11.0/cucumber-gherkin-6.11.0.jar:/Users/anastasiyashafalovich/.m2/repository/io/cucumber/cucumber-gherkin-messages/6.11.0/cucumber-gherkin-messages-6.11.0.jar:/Users/anastasiyashafalovich/.m2/repository/io/cucumber/messages/15.0.0/messages-15.0.0.jar:/Users/anastasiyashafalovich/.m2/repository/io/cucumber/tag-expressions/3.0.1/tag-expressions-3.0.1.jar:/Users/anastasiyashafalovich/.m2/repository/io/cucumber/cucumber-expressions/10.3.0/cucumber-expressions-10.3.0.jar:/Users/anastasiyashafalovich/.m2/repository/io/cucumber/datatable/3.5.0/datatable-3.5.0.jar:/Users/anastasiyashafalovich/.m2/repository/io/cucumber/cucumber-plugin/6.11.0/cucumber-plugin-6.11.0.jar:/Users/anastasiyashafalovich/.m2/repository/io/cucumber/docstring/6.11.0/docstring-6.11.0.jar:/Users/anastasiyashafalovich/.m2/repository/io/cucumber/html-formatter/13.0.0/html-formatter-13.0.0.jar:/Users/anastasiyashafalovich/.m2/repository/io/cucumber/create-meta/4.0.0/create-meta-4.0.0.jar:/Users/anastasiyashafalovich/.m2/repository/org/apiguardian/apiguardian-api/1.1.2/apiguardian-api-1.1.2.jar:/Users/anastasiyashafalovich/.m2/repository/com/consol/citrus/citrus-groovy/3.2.1/citrus-groovy-3.2.1.jar:/Users/anastasiyashafalovich/.m2/repository/com/consol/citrus/citrus-spring-integration/3.2.1/citrus-spring-integration-3.2.1.jar:/Users/anastasiyashafalovich/.m2/repository/org/springframework/integration/spring-integration-core/5.5.10/spring-integration-core-5.5.10.jar:/Users/anastasiyashafalovich/.m2/repository/org/springframework/retry/spring-retry/1.3.2/spring-retry-1.3.2.jar:/Users/anastasiyashafalovich/.m2/repository/io/projectreactor/reactor-core/3.4.12/reactor-core-3.4.12.jar:/Users/anastasiyashafalovich/.m2/repository/org/reactivestreams/reactive-streams/1.0.3/reactive-streams-1.0.3.jar:/Users/anastasiyashafalovich/.m2/repository/com/consol/citrus/citrus-sql/3.2.1/citrus-sql-3.2.1.jar:/Users/anastasiyashafalovich/.m2/repository/org/springframework/spring-jdbc/5.3.18/spring-jdbc-5.3.18.jar:/Users/anastasiyashafalovich/.m2/repository/org/springframework/spring-test/5.3.18/spring-test-5.3.18.jar:/Users/anastasiyashafalovich/.m2/repository/com/consol/citrus/citrus-jms/3.2.1/citrus-jms-3.2.1.jar:/Users/anastasiyashafalovich/.m2/repository/com/consol/citrus/citrus-base/3.2.1/citrus-base-3.2.1.jar:/Users/anastasiyashafalovich/.m2/repository/com/consol/citrus/citrus-api/3.2.1/citrus-api-3.2.1.jar:/Users/anastasiyashafalovich/.m2/repository/commons-lang/commons-lang/2.6/commons-lang-2.6.jar:/Users/anastasiyashafalovich/.m2/repository/org/springframework/spring-jms/5.3.18/spring-jms-5.3.18.jar:/Users/anastasiyashafalovich/.m2/repository/org/springframework/spring-messaging/5.3.18/spring-messaging-5.3.18.jar:/Users/anastasiyashafalovich/.m2/repository/org/springframework/spring-tx/5.3.18/spring-tx-5.3.18.jar:/Users/anastasiyashafalovich/.m2/repository/jakarta/jms/jakarta.jms-api/2.0.3/jakarta.jms-api-2.0.3.jar:/Users/anastasiyashafalovich/.m2/repository/jakarta/xml/bind/jakarta.xml.bind-api/2.3.3/jakarta.xml.bind-api-2.3.3.jar:/Users/anastasiyashafalovich/.m2/repository/jakarta/activation/jakarta.activation-api/1.2.2/jakarta.activation-api-1.2.2.jar:/Users/anastasiyashafalovich/.m2/repository/com/sun/xml/messaging/saaj/saaj-impl/1.5.3/saaj-impl-1.5.3.jar:/Users/anastasiyashafalovich/.m2/repository/org/jvnet/staxex/stax-ex/1.8.3/stax-ex-1.8.3.jar:/Users/anastasiyashafalovich/.m2/repository/org/springframework/ws/spring-ws-core/3.1.3/spring-ws-core-3.1.3.jar:/Users/anastasiyashafalovich/.m2/repository/org/springframework/spring-webmvc/5.3.18/spring-webmvc-5.3.18.jar:/Users/anastasiyashafalovich/.m2/repository/org/springframework/spring-expression/5.3.18/spring-expression-5.3.18.jar:/Users/anastasiyashafalovich/.m2/repository/com/consol/citrus/citrus-ws/3.2.1/citrus-ws-3.2.1.jar:/Users/anastasiyashafalovich/.m2/repository/com/sun/activation/jakarta.activation/1.2.2/jakarta.activation-1.2.2.jar:/Users/anastasiyashafalovich/.m2/repository/org/eclipse/jetty/jetty-server/9.4.44.v20210927/jetty-server-9.4.44.v20210927.jar:/Users/anastasiyashafalovich/.m2/repository/org/eclipse/jetty/jetty-http/9.4.44.v20210927/jetty-http-9.4.44.v20210927.jar:/Users/anastasiyashafalovich/.m2/repository/org/eclipse/jetty/jetty-util/9.4.44.v20210927/jetty-util-9.4.44.v20210927.jar:/Users/anastasiyashafalovich/.m2/repository/org/eclipse/jetty/jetty-io/9.4.44.v20210927/jetty-io-9.4.44.v20210927.jar:/Users/anastasiyashafalovich/.m2/repository/org/eclipse/jetty/jetty-servlet/9.4.44.v20210927/jetty-servlet-9.4.44.v20210927.jar:/Users/anastasiyashafalovich/.m2/repository/org/eclipse/jetty/jetty-security/9.4.44.v20210927/jetty-security-9.4.44.v20210927.jar:/Users/anastasiyashafalovich/.m2/repository/org/eclipse/jetty/jetty-util-ajax/9.4.44.v20210927/jetty-util-ajax-9.4.44.v20210927.jar:/Users/anastasiyashafalovich/.m2/repository/jakarta/servlet/jakarta.servlet-api/4.0.4/jakarta.servlet-api-4.0.4.jar:/Users/anastasiyashafalovich/.m2/repository/commons-codec/commons-codec/1.15/commons-codec-1.15.jar:/Users/anastasiyashafalovich/.m2/repository/commons-io/commons-io/2.8.0/commons-io-2.8.0.jar:/Users/anastasiyashafalovich/.m2/repository/org/springframework/spring-core/5.3.18/spring-core-5.3.18.jar:/Users/anastasiyashafalovich/.m2/repository/org/springframework/spring-jcl/5.3.18/spring-jcl-5.3.18.jar:/Users/anastasiyashafalovich/.m2/repository/org/springframework/spring-beans/5.3.18/spring-beans-5.3.18.jar:/Users/anastasiyashafalovich/.m2/repository/org/springframework/spring-aop/5.3.18/spring-aop-5.3.18.jar:/Users/anastasiyashafalovich/.m2/repository/org/springframework/ws/spring-xml/3.1.3/spring-xml-3.1.3.jar:/Users/anastasiyashafalovich/.m2/repository/org/springframework/spring-web/5.3.18/spring-web-5.3.18.jar:/Users/anastasiyashafalovich/.m2/repository/org/springframework/spring-context/5.3.18/spring-context-5.3.18.jar:/Users/anastasiyashafalovich/.m2/repository/com/consol/citrus/citrus-http/3.2.1/citrus-http-3.2.1.jar:/Users/anastasiyashafalovich/.m2/repository/org/springframework/integration/spring-integration-http/5.5.10/spring-integration-http-5.5.10.jar:/Users/anastasiyashafalovich/.m2/repository/org/springframework/spring-oxm/5.3.18/spring-oxm-5.3.18.jar:/Users/anastasiyashafalovich/.m2/repository/org/apache/httpcomponents/httpclient/4.5.13/httpclient-4.5.13.jar:/Users/anastasiyashafalovich/.m2/repository/org/apache/httpcomponents/httpcore/4.4.13/httpcore-4.4.13.jar:/Users/anastasiyashafalovich/.m2/repository/commons-logging/commons-logging/1.2/commons-logging-1.2.jar:/Users/anastasiyashafalovich/.m2/repository/com/consol/citrus/citrus-testng/3.2.1/citrus-testng-3.2.1.jar:/Users/anastasiyashafalovich/.m2/repository/org/testng/testng/7.3.0/testng-7.3.0.jar:/Users/anastasiyashafalovich/.m2/repository/com/beust/jcommander/1.78/jcommander-1.78.jar:/Users/anastasiyashafalovich/.m2/repository/org/apache/ant/ant/1.10.3/ant-1.10.3.jar:/Users/anastasiyashafalovich/.m2/repository/org/apache/ant/ant-launcher/1.10.3/ant-launcher-1.10.3.jar:/Users/anastasiyashafalovich/.m2/repository/junit/junit/4.12/junit-4.12.jar:/Users/anastasiyashafalovich/.m2/repository/com/google/inject/guice/4.2.2/guice-4.2.2-no_aop.jar:/Users/anastasiyashafalovich/.m2/repository/javax/inject/javax.inject/1/javax.inject-1.jar:/Users/anastasiyashafalovich/.m2/repository/aopalliance/aopalliance/1.0/aopalliance-1.0.jar:/Users/anastasiyashafalovich/.m2/repository/org/yaml/snakeyaml/1.21/snakeyaml-1.21.jar:/Users/anastasiyashafalovich/.m2/repository/org/slf4j/slf4j-api/1.7.30/slf4j-api-1.7.30.jar:/Users/anastasiyashafalovich/.m2/repository/org/slf4j/jcl-over-slf4j/1.7.30/jcl-over-slf4j-1.7.30.jar:/Users/anastasiyashafalovich/.m2/repository/org/apache/logging/log4j/log4j-slf4j-impl/2.15.0/log4j-slf4j-impl-2.15.0.jar:/Users/anastasiyashafalovich/.m2/repository/org/apache/logging/log4j/log4j-api/2.15.0/log4j-api-2.15.0.jar:/Users/anastasiyashafalovich/.m2/repository/org/apache/logging/log4j/log4j-core/2.15.0/log4j-core-2.15.0.jar:/Users/anastasiyashafalovich/.m2/repository/org/projectlombok/lombok/1.18.30/lombok-1.18.30.jar:/Users/anastasiyashafalovich/.m2/repository/com/sun/xml/ws/jaxws-rt/2.3.3/jaxws-rt-2.3.3.jar:/Users/anastasiyashafalovich/.m2/repository/com/sun/xml/ws/policy/2.7.10/policy-2.7.10.jar:/Users/anastasiyashafalovich/.m2/repository/com/sun/xml/bind/jaxb-impl/2.3.3/jaxb-impl-2.3.3.jar:/Users/anastasiyashafalovich/.m2/repository/org/glassfish/ha/ha-api/3.1.12/ha-api-3.1.12.jar:/Users/anastasiyashafalovich/.m2/repository/org/glassfish/external/management-api/3.2.2/management-api-3.2.2.jar:/Users/anastasiyashafalovich/.m2/repository/org/glassfish/gmbal/gmbal/4.0.1/gmbal-4.0.1.jar:/Users/anastasiyashafalovich/.m2/repository/org/glassfish/pfl/pfl-tf/4.1.0/pfl-tf-4.1.0.jar:/Users/anastasiyashafalovich/.m2/repository/org/glassfish/pfl/pfl-basic/4.1.0/pfl-basic-4.1.0.jar:/Users/anastasiyashafalovich/.m2/repository/com/sun/xml/stream/buffer/streambuffer/1.5.9/streambuffer-1.5.9.jar:/Users/anastasiyashafalovich/.m2/repository/org/jvnet/mimepull/mimepull/1.9.13/mimepull-1.9.13.jar:/Users/anastasiyashafalovich/.m2/repository/com/sun/xml/fastinfoset/FastInfoset/1.2.18/FastInfoset-1.2.18.jar:/Users/anastasiyashafalovich/.m2/repository/com/fasterxml/woodstox/woodstox-core/5.1.0/woodstox-core-5.1.0.jar:/Users/anastasiyashafalovich/.m2/repository/org/codehaus/woodstox/stax2-api/4.1/stax2-api-4.1.jar:/Users/anastasiyashafalovich/.m2/repository/com/sun/xml/ws/jaxws-tools/2.3.3/jaxws-tools-2.3.3.jar:/Users/anastasiyashafalovich/.m2/repository/com/sun/xml/bind/jaxb-xjc/2.3.3/jaxb-xjc-2.3.3.jar:/Users/anastasiyashafalovich/.m2/repository/com/sun/xml/bind/jaxb-jxc/2.3.3/jaxb-jxc-2.3.3.jar:/Users/anastasiyashafalovich/.m2/repository/com/sun/xml/ws/jaxws-eclipselink-plugin/2.3.3/jaxws-eclipselink-plugin-2.3.3.jar:/Users/anastasiyashafalovich/.m2/repository/jakarta/persistence/jakarta.persistence-api/2.2.3/jakarta.persistence-api-2.2.3.jar:/Users/anastasiyashafalovich/.m2/repository/org/eclipse/persistence/org.eclipse.persistence.moxy/2.7.6/org.eclipse.persistence.moxy-2.7.6.jar:/Users/anastasiyashafalovich/.m2/repository/org/eclipse/persistence/org.eclipse.persistence.core/2.7.6/org.eclipse.persistence.core-2.7.6.jar:/Users/anastasiyashafalovich/.m2/repository/org/eclipse/persistence/org.eclipse.persistence.asm/2.7.6/org.eclipse.persistence.asm-2.7.6.jar:/Users/anastasiyashafalovich/.m2/repository/com/sun/mail/jakarta.mail/1.6.5/jakarta.mail-1.6.5.jar:/Users/anastasiyashafalovich/.m2/repository/com/sun/xml/ws/sdo-eclipselink-plugin/2.3.3/sdo-eclipselink-plugin-2.3.3.jar:/Users/anastasiyashafalovich/.m2/repository/org/eclipse/persistence/org.eclipse.persistence.sdo/2.7.6/org.eclipse.persistence.sdo-2.7.6.jar:/Users/anastasiyashafalovich/.m2/repository/org/eclipse/persistence/commonj.sdo/2.1.1/commonj.sdo-2.1.1.jar:/Users/anastasiyashafalovich/.m2/repository/jakarta/xml/ws/jakarta.xml.ws-api/2.3.3/jakarta.xml.ws-api-2.3.3.jar:/Users/anastasiyashafalovich/.m2/repository/jakarta/xml/soap/jakarta.xml.soap-api/1.4.2/jakarta.xml.soap-api-1.4.2.jar:/Users/anastasiyashafalovich/.m2/repository/jakarta/jws/jakarta.jws-api/2.1.0/jakarta.jws-api-2.1.0.jar:/Users/anastasiyashafalovich/.m2/repository/jakarta/annotation/jakarta.annotation-api/1.3.5/jakarta.annotation-api-1.3.5.jar:"/>
    <property name="java.vm.vendor" value="Eclipse Adoptium"/>
    <property name="sun.arch.data.model" value="64"/>
    <property name="java.vendor.url" value="https://adoptium.net/"/>
    <property name="os.name" value="Mac OS X"/>
    <property name="java.vm.specification.version" value="17"/>
    <property name="sun.java.launcher" value="SUN_STANDARD"/>
    <property name="user.country" value="BY"/>
    <property name="sun.boot.library.path" value="/Users/anastasiyashafalovich/Library/Java/JavaVirtualMachines/temurin-17.0.11/Contents/Home/lib"/>
    <property name="sun.java.command" value="/Users/anastasiyashafalovich/Desktop/homework5/target/surefire/surefirebooter9350673020879651014.jar /Users/anastasiyashafalovich/Desktop/homework5/target/surefire 2024-06-28T15-39-27_061-jvmRun1 surefire7904320503508968893tmp surefire_05057994190399756883tmp"/>
    <property name="http.nonProxyHosts" value="local|*.local|169.254/16|*.169.254/16"/>
    <property name="jdk.debug" value="release"/>
    <property name="surefire.test.class.path" value="/Users/anastasiyashafalovich/Desktop/homework5/target/test-classes:/Users/anastasiyashafalovich/Desktop/homework5/target/classes:/Users/anastasiyashafalovich/.m2/repository/com/consol/citrus/citrus-core/3.2.1/citrus-core-3.2.1.jar:/Users/anastasiyashafalovich/.m2/repository/com/consol/citrus/citrus-spring/3.2.1/citrus-spring-3.2.1.jar:/Users/anastasiyashafalovich/.m2/repository/xerces/xercesImpl/2.12.2/xercesImpl-2.12.2.jar:/Users/anastasiyashafalovich/.m2/repository/xml-apis/xml-apis/1.4.01/xml-apis-1.4.01.jar:/Users/anastasiyashafalovich/.m2/repository/com/consol/citrus/citrus-validation-xml/3.2.1/citrus-validation-xml-3.2.1.jar:/Users/anastasiyashafalovich/.m2/repository/org/glassfish/jaxb/jaxb-core/2.3.0.1/jaxb-core-2.3.0.1.jar:/Users/anastasiyashafalovich/.m2/repository/org/glassfish/jaxb/txw2/2.3.0.1/txw2-2.3.0.1.jar:/Users/anastasiyashafalovich/.m2/repository/com/sun/istack/istack-commons-runtime/3.0.5/istack-commons-runtime-3.0.5.jar:/Users/anastasiyashafalovich/.m2/repository/org/glassfish/jaxb/jaxb-runtime/2.3.5/jaxb-runtime-2.3.5.jar:/Users/anastasiyashafalovich/.m2/repository/xalan/xalan/2.7.2/xalan-2.7.2.jar:/Users/anastasiyashafalovich/.m2/repository/xalan/serializer/2.7.2/serializer-2.7.2.jar:/Users/anastasiyashafalovich/.m2/repository/wsdl4j/wsdl4j/1.6.3/wsdl4j-1.6.3.jar:/Users/anastasiyashafalovich/.m2/repository/net/sf/jtidy/jtidy/r938/jtidy-r938.jar:/Users/anastasiyashafalovich/.m2/repository/com/consol/citrus/citrus-validation-json/3.2.1/citrus-validation-json-3.2.1.jar:/Users/anastasiyashafalovich/.m2/repository/com/fasterxml/jackson/core/jackson-core/2.12.6/jackson-core-2.12.6.jar:/Users/anastasiyashafalovich/.m2/repository/com/fasterxml/jackson/core/jackson-databind/2.12.6.1/jackson-databind-2.12.6.1.jar:/Users/anastasiyashafalovich/.m2/repository/com/fasterxml/jackson/core/jackson-annotations/2.12.6/jackson-annotations-2.12.6.jar:/Users/anastasiyashafalovich/.m2/repository/net/minidev/json-smart/2.4.7/json-smart-2.4.7.jar:/Users/anastasiyashafalovich/.m2/repository/net/minidev/accessors-smart/2.4.7/accessors-smart-2.4.7.jar:/Users/anastasiyashafalovich/.m2/repository/org/ow2/asm/asm/9.1/asm-9.1.jar:/Users/anastasiyashafalovich/.m2/repository/com/jayway/jsonpath/json-path/2.5.0/json-path-2.5.0.jar:/Users/anastasiyashafalovich/.m2/repository/com/github/java-json-tools/json-schema-validator/2.2.14/json-schema-validator-2.2.14.jar:/Users/anastasiyashafalovich/.m2/repository/com/github/java-json-tools/jackson-coreutils-equivalence/1.0/jackson-coreutils-equivalence-1.0.jar:/Users/anastasiyashafalovich/.m2/repository/com/github/java-json-tools/jackson-coreutils/2.0/jackson-coreutils-2.0.jar:/Users/anastasiyashafalovich/.m2/repository/com/github/java-json-tools/msg-simple/1.2/msg-simple-1.2.jar:/Users/anastasiyashafalovich/.m2/repository/com/github/java-json-tools/btf/1.3/btf-1.3.jar:/Users/anastasiyashafalovich/.m2/repository/com/github/java-json-tools/json-schema-core/1.2.14/json-schema-core-1.2.14.jar:/Users/anastasiyashafalovich/.m2/repository/com/github/java-json-tools/uri-template/0.10/uri-template-0.10.jar:/Users/anastasiyashafalovich/.m2/repository/org/mozilla/rhino/1.7.7.2/rhino-1.7.7.2.jar:/Users/anastasiyashafalovich/.m2/repository/com/sun/mail/mailapi/1.6.2/mailapi-1.6.2.jar:/Users/anastasiyashafalovich/.m2/repository/joda-time/joda-time/2.10.5/joda-time-2.10.5.jar:/Users/anastasiyashafalovich/.m2/repository/com/googlecode/libphonenumber/libphonenumber/8.11.1/libphonenumber-8.11.1.jar:/Users/anastasiyashafalovich/.m2/repository/com/google/code/findbugs/jsr305/3.0.2/jsr305-3.0.2.jar:/Users/anastasiyashafalovich/.m2/repository/net/sf/jopt-simple/jopt-simple/5.0.4/jopt-simple-5.0.4.jar:/Users/anastasiyashafalovich/.m2/repository/com/google/guava/guava/30.1.1-jre/guava-30.1.1-jre.jar:/Users/anastasiyashafalovich/.m2/repository/com/google/guava/failureaccess/1.0.1/failureaccess-1.0.1.jar:/Users/anastasiyashafalovich/.m2/repository/com/google/guava/listenablefuture/9999.0-empty-to-avoid-conflict-with-guava/listenablefuture-9999.0-empty-to-avoid-conflict-with-guava.jar:/Users/anastasiyashafalovich/.m2/repository/org/checkerframework/checker-qual/3.8.0/checker-qual-3.8.0.jar:/Users/anastasiyashafalovich/.m2/repository/com/google/errorprone/error_prone_annotations/2.5.1/error_prone_annotations-2.5.1.jar:/Users/anastasiyashafalovich/.m2/repository/com/google/j2objc/j2objc-annotations/1.3/j2objc-annotations-1.3.jar:/Users/anastasiyashafalovich/.m2/repository/com/consol/citrus/citrus-validation-text/3.2.1/citrus-validation-text-3.2.1.jar:/Users/anastasiyashafalovich/.m2/repository/com/consol/citrus/citrus-validation-binary/3.2.1/citrus-validation-binary-3.2.1.jar:/Users/anastasiyashafalovich/.m2/repository/com/consol/citrus/citrus-validation-groovy/3.2.1/citrus-validation-groovy-3.2.1.jar:/Users/anastasiyashafalovich/.m2/repository/org/codehaus/groovy/groovy/3.0.9/groovy-3.0.9.jar:/Users/anastasiyashafalovich/.m2/repository/org/codehaus/groovy/groovy-jsr223/3.0.9/groovy-jsr223-3.0.9.jar:/Users/anastasiyashafalovich/.m2/repository/org/codehaus/groovy/groovy-json/3.0.9/groovy-json-3.0.9.jar:/Users/anastasiyashafalovich/.m2/repository/org/codehaus/groovy/groovy-xml/3.0.9/groovy-xml-3.0.9.jar:/Users/anastasiyashafalovich/.m2/repository/com/consol/citrus/citrus-validation-hamcrest/3.2.1/citrus-validation-hamcrest-3.2.1.jar:/Users/anastasiyashafalovich/.m2/repository/org/hamcrest/hamcrest/2.2/hamcrest-2.2.jar:/Users/anastasiyashafalovich/.m2/repository/org/hamcrest/hamcrest-library/2.2/hamcrest-library-2.2.jar:/Users/anastasiyashafalovich/.m2/repository/org/hamcrest/hamcrest-core/2.2/hamcrest-core-2.2.jar:/Users/anastasiyashafalovich/.m2/repository/com/consol/citrus/citrus-junit/3.2.1/citrus-junit-3.2.1.jar:/Users/anastasiyashafalovich/.m2/repository/com/consol/citrus/citrus-junit5/3.2.1/citrus-junit5-3.2.1.jar:/Users/anastasiyashafalovich/.m2/repository/com/consol/citrus/citrus-main/3.2.1/citrus-main-3.2.1.jar:/Users/anastasiyashafalovich/.m2/repository/com/consol/citrus/citrus-cucumber/3.2.1/citrus-cucumber-3.2.1.jar:/Users/anastasiyashafalovich/.m2/repository/io/cucumber/cucumber-java/6.11.0/cucumber-java-6.11.0.jar:/Users/anastasiyashafalovich/.m2/repository/io/cucumber/cucumber-core/6.11.0/cucumber-core-6.11.0.jar:/Users/anastasiyashafalovich/.m2/repository/io/cucumber/cucumber-gherkin/6.11.0/cucumber-gherkin-6.11.0.jar:/Users/anastasiyashafalovich/.m2/repository/io/cucumber/cucumber-gherkin-messages/6.11.0/cucumber-gherkin-messages-6.11.0.jar:/Users/anastasiyashafalovich/.m2/repository/io/cucumber/messages/15.0.0/messages-15.0.0.jar:/Users/anastasiyashafalovich/.m2/repository/io/cucumber/tag-expressions/3.0.1/tag-expressions-3.0.1.jar:/Users/anastasiyashafalovich/.m2/repository/io/cucumber/cucumber-expressions/10.3.0/cucumber-expressions-10.3.0.jar:/Users/anastasiyashafalovich/.m2/repository/io/cucumber/datatable/3.5.0/datatable-3.5.0.jar:/Users/anastasiyashafalovich/.m2/repository/io/cucumber/cucumber-plugin/6.11.0/cucumber-plugin-6.11.0.jar:/Users/anastasiyashafalovich/.m2/repository/io/cucumber/docstring/6.11.0/docstring-6.11.0.jar:/Users/anastasiyashafalovich/.m2/repository/io/cucumber/html-formatter/13.0.0/html-formatter-13.0.0.jar:/Users/anastasiyashafalovich/.m2/repository/io/cucumber/create-meta/4.0.0/create-meta-4.0.0.jar:/Users/anastasiyashafalovich/.m2/repository/org/apiguardian/apiguardian-api/1.1.2/apiguardian-api-1.1.2.jar:/Users/anastasiyashafalovich/.m2/repository/com/consol/citrus/citrus-groovy/3.2.1/citrus-groovy-3.2.1.jar:/Users/anastasiyashafalovich/.m2/repository/com/consol/citrus/citrus-spring-integration/3.2.1/citrus-spring-integration-3.2.1.jar:/Users/anastasiyashafalovich/.m2/repository/org/springframework/integration/spring-integration-core/5.5.10/spring-integration-core-5.5.10.jar:/Users/anastasiyashafalovich/.m2/repository/org/springframework/retry/spring-retry/1.3.2/spring-retry-1.3.2.jar:/Users/anastasiyashafalovich/.m2/repository/io/projectreactor/reactor-core/3.4.12/reactor-core-3.4.12.jar:/Users/anastasiyashafalovich/.m2/repository/org/reactivestreams/reactive-streams/1.0.3/reactive-streams-1.0.3.jar:/Users/anastasiyashafalovich/.m2/repository/com/consol/citrus/citrus-sql/3.2.1/citrus-sql-3.2.1.jar:/Users/anastasiyashafalovich/.m2/repository/org/springframework/spring-jdbc/5.3.18/spring-jdbc-5.3.18.jar:/Users/anastasiyashafalovich/.m2/repository/org/springframework/spring-test/5.3.18/spring-test-5.3.18.jar:/Users/anastasiyashafalovich/.m2/repository/com/consol/citrus/citrus-jms/3.2.1/citrus-jms-3.2.1.jar:/Users/anastasiyashafalovich/.m2/repository/com/consol/citrus/citrus-base/3.2.1/citrus-base-3.2.1.jar:/Users/anastasiyashafalovich/.m2/repository/com/consol/citrus/citrus-api/3.2.1/citrus-api-3.2.1.jar:/Users/anastasiyashafalovich/.m2/repository/commons-lang/commons-lang/2.6/commons-lang-2.6.jar:/Users/anastasiyashafalovich/.m2/repository/org/springframework/spring-jms/5.3.18/spring-jms-5.3.18.jar:/Users/anastasiyashafalovich/.m2/repository/org/springframework/spring-messaging/5.3.18/spring-messaging-5.3.18.jar:/Users/anastasiyashafalovich/.m2/repository/org/springframework/spring-tx/5.3.18/spring-tx-5.3.18.jar:/Users/anastasiyashafalovich/.m2/repository/jakarta/jms/jakarta.jms-api/2.0.3/jakarta.jms-api-2.0.3.jar:/Users/anastasiyashafalovich/.m2/repository/jakarta/xml/bind/jakarta.xml.bind-api/2.3.3/jakarta.xml.bind-api-2.3.3.jar:/Users/anastasiyashafalovich/.m2/repository/jakarta/activation/jakarta.activation-api/1.2.2/jakarta.activation-api-1.2.2.jar:/Users/anastasiyashafalovich/.m2/repository/com/sun/xml/messaging/saaj/saaj-impl/1.5.3/saaj-impl-1.5.3.jar:/Users/anastasiyashafalovich/.m2/repository/org/jvnet/staxex/stax-ex/1.8.3/stax-ex-1.8.3.jar:/Users/anastasiyashafalovich/.m2/repository/org/springframework/ws/spring-ws-core/3.1.3/spring-ws-core-3.1.3.jar:/Users/anastasiyashafalovich/.m2/repository/org/springframework/spring-webmvc/5.3.18/spring-webmvc-5.3.18.jar:/Users/anastasiyashafalovich/.m2/repository/org/springframework/spring-expression/5.3.18/spring-expression-5.3.18.jar:/Users/anastasiyashafalovich/.m2/repository/com/consol/citrus/citrus-ws/3.2.1/citrus-ws-3.2.1.jar:/Users/anastasiyashafalovich/.m2/repository/com/sun/activation/jakarta.activation/1.2.2/jakarta.activation-1.2.2.jar:/Users/anastasiyashafalovich/.m2/repository/org/eclipse/jetty/jetty-server/9.4.44.v20210927/jetty-server-9.4.44.v20210927.jar:/Users/anastasiyashafalovich/.m2/repository/org/eclipse/jetty/jetty-http/9.4.44.v20210927/jetty-http-9.4.44.v20210927.jar:/Users/anastasiyashafalovich/.m2/repository/org/eclipse/jetty/jetty-util/9.4.44.v20210927/jetty-util-9.4.44.v20210927.jar:/Users/anastasiyashafalovich/.m2/repository/org/eclipse/jetty/jetty-io/9.4.44.v20210927/jetty-io-9.4.44.v20210927.jar:/Users/anastasiyashafalovich/.m2/repository/org/eclipse/jetty/jetty-servlet/9.4.44.v20210927/jetty-servlet-9.4.44.v20210927.jar:/Users/anastasiyashafalovich/.m2/repository/org/eclipse/jetty/jetty-security/9.4.44.v20210927/jetty-security-9.4.44.v20210927.jar:/Users/anastasiyashafalovich/.m2/repository/org/eclipse/jetty/jetty-util-ajax/9.4.44.v20210927/jetty-util-ajax-9.4.44.v20210927.jar:/Users/anastasiyashafalovich/.m2/repository/jakarta/servlet/jakarta.servlet-api/4.0.4/jakarta.servlet-api-4.0.4.jar:/Users/anastasiyashafalovich/.m2/repository/commons-codec/commons-codec/1.15/commons-codec-1.15.jar:/Users/anastasiyashafalovich/.m2/repository/commons-io/commons-io/2.8.0/commons-io-2.8.0.jar:/Users/anastasiyashafalovich/.m2/repository/org/springframework/spring-core/5.3.18/spring-core-5.3.18.jar:/Users/anastasiyashafalovich/.m2/repository/org/springframework/spring-jcl/5.3.18/spring-jcl-5.3.18.jar:/Users/anastasiyashafalovich/.m2/repository/org/springframework/spring-beans/5.3.18/spring-beans-5.3.18.jar:/Users/anastasiyashafalovich/.m2/repository/org/springframework/spring-aop/5.3.18/spring-aop-5.3.18.jar:/Users/anastasiyashafalovich/.m2/repository/org/springframework/ws/spring-xml/3.1.3/spring-xml-3.1.3.jar:/Users/anastasiyashafalovich/.m2/repository/org/springframework/spring-web/5.3.18/spring-web-5.3.18.jar:/Users/anastasiyashafalovich/.m2/repository/org/springframework/spring-context/5.3.18/spring-context-5.3.18.jar:/Users/anastasiyashafalovich/.m2/repository/com/consol/citrus/citrus-http/3.2.1/citrus-http-3.2.1.jar:/Users/anastasiyashafalovich/.m2/repository/org/springframework/integration/spring-integration-http/5.5.10/spring-integration-http-5.5.10.jar:/Users/anastasiyashafalovich/.m2/repository/org/springframework/spring-oxm/5.3.18/spring-oxm-5.3.18.jar:/Users/anastasiyashafalovich/.m2/repository/org/apache/httpcomponents/httpclient/4.5.13/httpclient-4.5.13.jar:/Users/anastasiyashafalovich/.m2/repository/org/apache/httpcomponents/httpcore/4.4.13/httpcore-4.4.13.jar:/Users/anastasiyashafalovich/.m2/repository/commons-logging/commons-logging/1.2/commons-logging-1.2.jar:/Users/anastasiyashafalovich/.m2/repository/com/consol/citrus/citrus-testng/3.2.1/citrus-testng-3.2.1.jar:/Users/anastasiyashafalovich/.m2/repository/org/testng/testng/7.3.0/testng-7.3.0.jar:/Users/anastasiyashafalovich/.m2/repository/com/beust/jcommander/1.78/jcommander-1.78.jar:/Users/anastasiyashafalovich/.m2/repository/org/apache/ant/ant/1.10.3/ant-1.10.3.jar:/Users/anastasiyashafalovich/.m2/repository/org/apache/ant/ant-launcher/1.10.3/ant-launcher-1.10.3.jar:/Users/anastasiyashafalovich/.m2/repository/junit/junit/4.12/junit-4.12.jar:/Users/anastasiyashafalovich/.m2/repository/com/google/inject/guice/4.2.2/guice-4.2.2-no_aop.jar:/Users/anastasiyashafalovich/.m2/repository/javax/inject/javax.inject/1/javax.inject-1.jar:/Users/anastasiyashafalovich/.m2/repository/aopalliance/aopalliance/1.0/aopalliance-1.0.jar:/Users/anastasiyashafalovich/.m2/repository/org/yaml/snakeyaml/1.21/snakeyaml-1.21.jar:/Users/anastasiyashafalovich/.m2/repository/org/slf4j/slf4j-api/1.7.30/slf4j-api-1.7.30.jar:/Users/anastasiyashafalovich/.m2/repository/org/slf4j/jcl-over-slf4j/1.7.30/jcl-over-slf4j-1.7.30.jar:/Users/anastasiyashafalovich/.m2/repository/org/apache/logging/log4j/log4j-slf4j-impl/2.15.0/log4j-slf4j-impl-2.15.0.jar:/Users/anastasiyashafalovich/.m2/repository/org/apache/logging/log4j/log4j-api/2.15.0/log4j-api-2.15.0.jar:/Users/anastasiyashafalovich/.m2/repository/org/apache/logging/log4j/log4j-core/2.15.0/log4j-core-2.15.0.jar:/Users/anastasiyashafalovich/.m2/repository/org/projectlombok/lombok/1.18.30/lombok-1.18.30.jar:/Users/anastasiyashafalovich/.m2/repository/com/sun/xml/ws/jaxws-rt/2.3.3/jaxws-rt-2.3.3.jar:/Users/anastasiyashafalovich/.m2/repository/com/sun/xml/ws/policy/2.7.10/policy-2.7.10.jar:/Users/anastasiyashafalovich/.m2/repository/com/sun/xml/bind/jaxb-impl/2.3.3/jaxb-impl-2.3.3.jar:/Users/anastasiyashafalovich/.m2/repository/org/glassfish/ha/ha-api/3.1.12/ha-api-3.1.12.jar:/Users/anastasiyashafalovich/.m2/repository/org/glassfish/external/management-api/3.2.2/management-api-3.2.2.jar:/Users/anastasiyashafalovich/.m2/repository/org/glassfish/gmbal/gmbal/4.0.1/gmbal-4.0.1.jar:/Users/anastasiyashafalovich/.m2/repository/org/glassfish/pfl/pfl-tf/4.1.0/pfl-tf-4.1.0.jar:/Users/anastasiyashafalovich/.m2/repository/org/glassfish/pfl/pfl-basic/4.1.0/pfl-basic-4.1.0.jar:/Users/anastasiyashafalovich/.m2/repository/com/sun/xml/stream/buffer/streambuffer/1.5.9/streambuffer-1.5.9.jar:/Users/anastasiyashafalovich/.m2/repository/org/jvnet/mimepull/mimepull/1.9.13/mimepull-1.9.13.jar:/Users/anastasiyashafalovich/.m2/repository/com/sun/xml/fastinfoset/FastInfoset/1.2.18/FastInfoset-1.2.18.jar:/Users/anastasiyashafalovich/.m2/repository/com/fasterxml/woodstox/woodstox-core/5.1.0/woodstox-core-5.1.0.jar:/Users/anastasiyashafalovich/.m2/repository/org/codehaus/woodstox/stax2-api/4.1/stax2-api-4.1.jar:/Users/anastasiyashafalovich/.m2/repository/com/sun/xml/ws/jaxws-tools/2.3.3/jaxws-tools-2.3.3.jar:/Users/anastasiyashafalovich/.m2/repository/com/sun/xml/bind/jaxb-xjc/2.3.3/jaxb-xjc-2.3.3.jar:/Users/anastasiyashafalovich/.m2/repository/com/sun/xml/bind/jaxb-jxc/2.3.3/jaxb-jxc-2.3.3.jar:/Users/anastasiyashafalovich/.m2/repository/com/sun/xml/ws/jaxws-eclipselink-plugin/2.3.3/jaxws-eclipselink-plugin-2.3.3.jar:/Users/anastasiyashafalovich/.m2/repository/jakarta/persistence/jakarta.persistence-api/2.2.3/jakarta.persistence-api-2.2.3.jar:/Users/anastasiyashafalovich/.m2/repository/org/eclipse/persistence/org.eclipse.persistence.moxy/2.7.6/org.eclipse.persistence.moxy-2.7.6.jar:/Users/anastasiyashafalovich/.m2/repository/org/eclipse/persistence/org.eclipse.persistence.core/2.7.6/org.eclipse.persistence.core-2.7.6.jar:/Users/anastasiyashafalovich/.m2/repository/org/eclipse/persistence/org.eclipse.persistence.asm/2.7.6/org.eclipse.persistence.asm-2.7.6.jar:/Users/anastasiyashafalovich/.m2/repository/com/sun/mail/jakarta.mail/1.6.5/jakarta.mail-1.6.5.jar:/Users/anastasiyashafalovich/.m2/repository/com/sun/xml/ws/sdo-eclipselink-plugin/2.3.3/sdo-eclipselink-plugin-2.3.3.jar:/Users/anastasiyashafalovich/.m2/repository/org/eclipse/persistence/org.eclipse.persistence.sdo/2.7.6/org.eclipse.persistence.sdo-2.7.6.jar:/Users/anastasiyashafalovich/.m2/repository/org/eclipse/persistence/commonj.sdo/2.1.1/commonj.sdo-2.1.1.jar:/Users/anastasiyashafalovich/.m2/repository/jakarta/xml/ws/jakarta.xml.ws-api/2.3.3/jakarta.xml.ws-api-2.3.3.jar:/Users/anastasiyashafalovich/.m2/repository/jakarta/xml/soap/jakarta.xml.soap-api/1.4.2/jakarta.xml.soap-api-1.4.2.jar:/Users/anastasiyashafalovich/.m2/repository/jakarta/jws/jakarta.jws-api/2.1.0/jakarta.jws-api-2.1.0.jar:/Users/anastasiyashafalovich/.m2/repository/jakarta/annotation/jakarta.annotation-api/1.3.5/jakarta.annotation-api-1.3.5.jar:"/>
    <property name="sun.cpu.endian" value="little"/>
    <property name="user.home" value="/Users/anastasiyashafalovich"/>
    <property name="user.language" value="en"/>
    <property name="java.specification.vendor" value="Oracle Corporation"/>
    <property name="java.version.date" value="2024-04-16"/>
    <property name="java.home" value="/Users/anastasiyashafalovich/Library/Java/JavaVirtualMachines/temurin-17.0.11/Contents/Home"/>
    <property name="file.separator" value="/"/>
    <property name="basedir" value="/Users/anastasiyashafalovich/Desktop/homework5"/>
    <property name="java.vm.compressedOopsMode" value="Zero based"/>
    <property name="line.separator" value="&#10;"/>
    <property name="java.vm.specification.vendor" value="Oracle Corporation"/>
    <property name="java.specification.name" value="Java Platform API Specification"/>
    <property name="surefire.real.class.path" value="/Users/anastasiyashafalovich/Desktop/homework5/target/surefire/surefirebooter9350673020879651014.jar"/>
    <property name="sun.management.compiler" value="HotSpot 64-Bit Tiered Compilers"/>
    <property name="ftp.nonProxyHosts" value="local|*.local|169.254/16|*.169.254/16"/>
    <property name="java.runtime.version" value="17.0.11+9"/>
    <property name="user.name" value="anastasiyashafalovich"/>
    <property name="path.separator" value=":"/>
    <property name="os.version" value="13.6.6"/>
    <property name="java.runtime.name" value="OpenJDK Runtime Environment"/>
    <property name="file.encoding" value="UTF-8"/>
    <property name="java.vm.name" value="OpenJDK 64-Bit Server VM"/>
    <property name="java.vendor.version" value="Temurin-17.0.11+9"/>
    <property name="localRepository" value="/Users/anastasiyashafalovich/.m2/repository"/>
    <property name="java.vendor.url.bug" value="https://github.com/adoptium/adoptium-support/issues"/>
    <property name="java.io.tmpdir" value="/var/folders/y4/qlcgzsp52pjdmf17j0hrm1tr0000gn/T/"/>
    <property name="idea.version" value="2024.1.2"/>
    <property name="java.version" value="17.0.11"/>
    <property name="user.dir" value="/Users/anastasiyashafalovich/Desktop/homework5/target"/>
    <property name="os.arch" value="x86_64"/>
    <property name="java.vm.specification.name" value="Java Virtual Machine Specification"/>
    <property name="native.encoding" value="UTF-8"/>
    <property name="java.library.path" value="/Users/anastasiyashafalovich/Library/Java/Extensions:/Library/Java/Extensions:/Network/Library/Java/Extensions:/System/Library/Java/Extensions:/usr/lib/java:."/>
    <property name="java.vm.info" value="mixed mode"/>
    <property name="java.vendor" value="Eclipse Adoptium"/>
    <property name="java.vm.version" value="17.0.11+9"/>
    <property name="sun.io.unicode.encoding" value="UnicodeBig"/>
    <property name="socksNonProxyHosts" value="local|*.local|169.254/16|*.169.254/16"/>
    <property name="java.class.version" value="61.0"/>
  </properties>
  <testcase name="soapTest" classname="tests.soapTests.SOAPTests" time="1.042"/>
  <testcase name="createPet" classname="tests.restTests.CreatePetTest" time="1.045"/>
</testsuite>