<?xml version="1.0" encoding="UTF-8"?>
<!-- Generated by org.testng.reporters.JUnitReportReporter -->
<testsuite hostname="Anastasiyas-MacBook-Pro.local" failures="0" tests="1" name="tests.soapTests.SOAPTests" time="1.106" errors="0" timestamp="2024-06-28T15:53:23 CEST" skipped="0">
  <testcase classname="tests.soapTests.SOAPTests" name="soapTest" time="1.106"/>
  <system-out/>
</testsuite> <!-- tests.soapTests.SOAPTests -->
