<?xml version="1.0" encoding="UTF-8"?>
<!-- Generated by org.testng.reporters.JUnitReportReporter -->
<testsuite hostname="Anastasiyas-MacBook-Pro.local" failures="0" tests="1" name="tests.restTests.CreatePetTest" time="1.045" errors="0" timestamp="2024-06-28T15:39:31 CEST" skipped="0">
  <testcase classname="tests.restTests.CreatePetTest" name="createPet" time="1.045"/>
  <system-out/>
</testsuite> <!-- tests.restTests.CreatePetTest -->
